# JRE version: OpenJDK Runtime Environment Microsoft-25199 (11.0.12+7) (build 11.0.12+7)
# Java VM: OpenJDK 64-Bit Server VM Microsoft-25199 (11.0.12+7, mixed mode, tiered, compressed oops, g1 gc, bsd-amd64)
Heap:
 garbage-first heap   total 131072K, used 54606K [0x0000000780000000, 0x0000000800000000)
  region size 1024K, 42 young (43008K), 1 survivors (1024K)
 Metaspace       used 37990K, capacity 39461K, committed 39632K, reserved 1083392K
  class space    used 4704K, capacity 5354K, committed 5452K, reserved 1048576K
GC Heap History (8 events):
Event: 1.125 GC heap before
{Heap before GC invocations=0 (full 0):
 garbage-first heap   total 131072K, used 14336K [0x0000000780000000, 0x0000000800000000)
  region size 1024K, 14 young (14336K), 0 survivors (0K)
 Metaspace       used 8836K, capacity 9099K, committed 9216K, reserved 1056768K
  class space    used 872K, capacity 972K, committed 1024K, reserved 1048576K
}
Event: 1.141 GC heap after
{Heap after GC invocations=1 (full 0):
 garbage-first heap   total 131072K, used 2020K [0x0000000780000000, 0x0000000800000000)
  region size 1024K, 2 young (2048K), 2 survivors (2048K)
 Metaspace       used 8836K, capacity 9099K, committed 9216K, reserved 1056768K
  class space    used 872K, capacity 972K, committed 1024K, reserved 1048576K
}
Event: 2.787 GC heap before
{Heap before GC invocations=1 (full 0):
 garbage-first heap   total 131072K, used 36836K [0x0000000780000000, 0x0000000800000000)
  region size 1024K, 37 young (37888K), 2 survivors (2048K)
 Metaspace       used 20571K, capacity 21264K, committed 21296K, reserved 1069056K
  class space    used 2495K, capacity 2802K, committed 2816K, reserved 1048576K
}
Event: 2.804 GC heap after
{Heap after GC invocations=2 (full 0):
 garbage-first heap   total 131072K, used 6762K [0x0000000780000000, 0x0000000800000000)
  region size 1024K, 7 young (7168K), 7 survivors (7168K)
 Metaspace       used 20571K, capacity 21264K, committed 21296K, reserved 1069056K
  class space    used 2495K, capacity 2802K, committed 2816K, reserved 1048576K
}
Event: 8.174 GC heap before
{Heap before GC invocations=3 (full 0):
 garbage-first heap   total 131072K, used 47722K [0x0000000780000000, 0x0000000800000000)
  region size 1024K, 45 young (46080K), 7 survivors (7168K)
 Metaspace       used 33239K, capacity 34301K, committed 34508K, reserved 1079296K
  class space    used 4088K, capacity 4542K, committed 4556K, reserved 1048576K
}
Event: 8.195 GC heap after
{Heap after GC invocations=4 (full 0):
 garbage-first heap   total 131072K, used 13136K [0x0000000780000000, 0x0000000800000000)
  region size 1024K, 5 young (5120K), 5 survivors (5120K)
 Metaspace       used 33239K, capacity 34301K, committed 34508K, reserved 1079296K
  class space    used 4088K, capacity 4542K, committed 4556K, reserved 1048576K
}
Event: 8.411 GC heap before
{Heap before GC invocations=4 (full 0):
 garbage-first heap   total 131072K, used 20304K [0x0000000780000000, 0x0000000800000000)
  region size 1024K, 13 young (13312K), 5 survivors (5120K)
 Metaspace       used 34677K, capacity 35945K, committed 36048K, reserved 1081344K
  class space    used 4360K, capacity 4898K, committed 4940K, reserved 1048576K
}
Event: 8.422 GC heap after
{Heap after GC invocations=5 (full 0):
 garbage-first heap   total 131072K, used 13646K [0x0000000780000000, 0x0000000800000000)
  region size 1024K, 1 young (1024K), 1 survivors (1024K)
 Metaspace       used 34677K, capacity 35945K, committed 36048K, reserved 1081344K
  class space    used 4360K, capacity 4898K, committed 4940K, reserved 1048576K
}

